<?xml version="1.0" encoding="UTF-8"?>
<!-- Generated by org.testng.reporters.JUnitReportReporter -->
<testsuite skipped="0" name="com.zoho.qa.testcases.HomePageTest" tests="3" failures="0" timestamp="26 Mar 2018 09:34:19 GMT" time="81.574" errors="0">
  <testcase name="verifyHomePageTitleTest" time="27.502" classname="com.zoho.qa.testcases.HomePageTest"/>
  <testcase name="verifyUserNameTest" time="27.182" classname="com.zoho.qa.testcases.HomePageTest"/>
  <testcase name="verifyLeadsLinkTest" time="26.890" classname="com.zoho.qa.testcases.HomePageTest"/>
</testsuite> <!-- com.zoho.qa.testcases.HomePageTest -->
