<?xml version="1.0" encoding="UTF-8"?>
<!-- Generated by org.testng.reporters.JUnitReportReporter -->
<testsuite skipped="0" name="com.zoho.qa.testcases.LeadsPageTest" tests="2" failures="0" timestamp="26 Mar 2018 09:34:19 GMT" time="57.670" errors="0">
  <testcase name="verifyLeadsPageTitleTest" time="28.817" classname="com.zoho.qa.testcases.LeadsPageTest"/>
  <testcase name="selectLeadNameTest" time="28.853" classname="com.zoho.qa.testcases.LeadsPageTest"/>
</testsuite> <!-- com.zoho.qa.testcases.LeadsPageTest -->
